[09-Nov-2023 17:52:14 UTC] WordPress database error Table 'wp_e_events' already exists for query CREATE TABLE `wp_e_events` (
			id bigint(20) unsigned auto_increment primary key,
			event_data text null,
			created_at datetime not null
		) DEFAULT CHARACTER SET utf8mb4 COLLATE utf8mb4_unicode_520_ci; made by require_once('wp-admin/admin.php'), require_once('wp-load.php'), require_once('wp-config.php'), require_once('wp-settings.php'), do_action('init'), WP_Hook->do_action, WP_Hook->apply_filters, Elementor\Plugin->init, Elementor\Plugin->init_components, Elementor\Core\Admin\Admin->__construct, Elementor\Plugin->init_common, Elementor\Core\Common\App->init_components, Elementor\Core\Common\Modules\EventTracker\Module->__construct, Elementor\Core\Common\Modules\EventTracker\DB->__construct, Elementor\Core\Common\Modules\EventTracker\DB->create_table
[09-Nov-2023 17:52:14 UTC] WordPress database error Duplicate key name 'created_at_index' for query ALTER TABLE wp_e_events
    		ADD INDEX `created_at_index` (`created_at`)
		 made by require_once('wp-admin/admin.php'), require_once('wp-load.php'), require_once('wp-config.php'), require_once('wp-settings.php'), do_action('init'), WP_Hook->do_action, WP_Hook->apply_filters, Elementor\Plugin->init, Elementor\Plugin->init_components, Elementor\Core\Admin\Admin->__construct, Elementor\Plugin->init_common, Elementor\Core\Common\App->init_components, Elementor\Core\Common\Modules\EventTracker\Module->__construct, Elementor\Core\Common\Modules\EventTracker\DB->__construct, Elementor\Core\Common\Modules\EventTracker\DB->add_indexes
[09-Nov-2023 17:58:45 UTC] PHP Warning:  Undefined property: WP_Ajax_Upgrader_Skin::$api in C:\Users\Lenovo\Local Sites\mywebsite\app\public\wp-admin\includes\class-theme-upgrader.php on line 160
[09-Nov-2023 18:04:52 UTC] Cron reschedule event error for hook: action_scheduler_run_queue, Error code: invalid_schedule, Error message: Event schedule does not exist., Data: {"schedule":"every_minute","args":["WP Cron"],"interval":60}
[30-Nov-2023 18:38:12 UTC] PHP Warning:  Undefined array key "" in C:\Users\Lenovo\Local Sites\mywebsite\app\public\wp-content\plugins\header-footer-elementor\inc\lib\target-rule\class-astra-target-rules-fields.php on line 295
[30-Nov-2023 18:40:39 UTC] PHP Warning:  Undefined array key "" in C:\Users\Lenovo\Local Sites\mywebsite\app\public\wp-content\plugins\header-footer-elementor\inc\lib\target-rule\class-astra-target-rules-fields.php on line 295
[02-Dec-2023 10:21:20 UTC] PHP Warning:  Undefined array key "" in C:\Users\Lenovo\Local Sites\mywebsite\app\public\wp-content\plugins\header-footer-elementor\inc\lib\target-rule\class-astra-target-rules-fields.php on line 295
[02-Dec-2023 11:44:49 UTC] PHP Warning:  Undefined array key "" in C:\Users\Lenovo\Local Sites\mywebsite\app\public\wp-content\plugins\header-footer-elementor\inc\lib\target-rule\class-astra-target-rules-fields.php on line 295
[02-Dec-2023 12:06:05 UTC] PHP Warning:  Undefined array key "" in C:\Users\Lenovo\Local Sites\mywebsite\app\public\wp-content\plugins\header-footer-elementor\inc\lib\target-rule\class-astra-target-rules-fields.php on line 295
[06-Dec-2023 17:48:02 UTC] PHP Warning:  Undefined array key "" in C:\Users\Lenovo\Local Sites\mywebsite\app\public\wp-content\plugins\header-footer-elementor\inc\lib\target-rule\class-astra-target-rules-fields.php on line 295
[06-Dec-2023 17:49:03 UTC] PHP Warning:  Undefined array key "" in C:\Users\Lenovo\Local Sites\mywebsite\app\public\wp-content\plugins\header-footer-elementor\inc\lib\target-rule\class-astra-target-rules-fields.php on line 295
[06-Dec-2023 17:52:34 UTC] PHP Warning:  Undefined array key "" in C:\Users\Lenovo\Local Sites\mywebsite\app\public\wp-content\plugins\header-footer-elementor\inc\lib\target-rule\class-astra-target-rules-fields.php on line 295
[08-Mar-2024 11:43:39 UTC] PHP Warning:  file_put_contents(C:\Users\Lenovo\Local Sites\mywebsite\app\public/wp-content/themes/hello-elementor/acf-json/group_65eaf978484e6.json): Failed to open stream: No such file or directory in C:\Users\Lenovo\Local Sites\mywebsite\app\public\wp-content\plugins\advanced-custom-fields\includes\local-json.php on line 448
[08-Mar-2024 11:57:30 UTC] PHP Warning:  file_put_contents(C:\Users\Lenovo\Local Sites\mywebsite\app\public/wp-content/themes/hello-elementor/acf-json/group_65eaf978484e6.json): Failed to open stream: No such file or directory in C:\Users\Lenovo\Local Sites\mywebsite\app\public\wp-content\plugins\advanced-custom-fields\includes\local-json.php on line 448
[08-Mar-2024 12:09:49 UTC] PHP Warning:  file_put_contents(C:\Users\Lenovo\Local Sites\mywebsite\app\public/wp-content/themes/hello-elementor/acf-json/group_65eaf978484e6.json): Failed to open stream: No such file or directory in C:\Users\Lenovo\Local Sites\mywebsite\app\public\wp-content\plugins\advanced-custom-fields\includes\local-json.php on line 448
[08-Mar-2024 12:10:36 UTC] PHP Warning:  file_put_contents(C:\Users\Lenovo\Local Sites\mywebsite\app\public/wp-content/themes/hello-elementor/acf-json/group_65eaf978484e6.json): Failed to open stream: No such file or directory in C:\Users\Lenovo\Local Sites\mywebsite\app\public\wp-content\plugins\advanced-custom-fields\includes\local-json.php on line 448
[08-Mar-2024 12:12:45 UTC] PHP Warning:  file_put_contents(C:\Users\Lenovo\Local Sites\mywebsite\app\public/wp-content/themes/hello-elementor/acf-json/group_65eaf978484e6.json): Failed to open stream: No such file or directory in C:\Users\Lenovo\Local Sites\mywebsite\app\public\wp-content\plugins\advanced-custom-fields\includes\local-json.php on line 448
[08-Mar-2024 12:13:18 UTC] PHP Warning:  file_put_contents(C:\Users\Lenovo\Local Sites\mywebsite\app\public/wp-content/themes/hello-elementor/acf-json/group_65eaf978484e6.json): Failed to open stream: No such file or directory in C:\Users\Lenovo\Local Sites\mywebsite\app\public\wp-content\plugins\advanced-custom-fields\includes\local-json.php on line 448
[08-Mar-2024 13:13:49 UTC] PHP Warning:  file_put_contents(C:\Users\Lenovo\Local Sites\mywebsite\app\public/wp-content/themes/hello-elementor/acf-json/group_65eaf978484e6.json): Failed to open stream: No such file or directory in C:\Users\Lenovo\Local Sites\mywebsite\app\public\wp-content\plugins\advanced-custom-fields\includes\local-json.php on line 448
[08-Mar-2024 13:26:23 UTC] PHP Parse error:  syntax error, unexpected token "<", expecting end of file in C:\Users\Lenovo\Local Sites\mywebsite\app\public\wp-content\themes\hello-elementor\template-parts\single.php on line 13
[08-Mar-2024 13:33:48 UTC] PHP Warning:  file_put_contents(C:\Users\Lenovo\Local Sites\mywebsite\app\public/wp-content/themes/hello-elementor/acf-json/group_65eaf978484e6.json): Failed to open stream: No such file or directory in C:\Users\Lenovo\Local Sites\mywebsite\app\public\wp-content\plugins\advanced-custom-fields\includes\local-json.php on line 448
[08-Mar-2024 13:35:16 UTC] PHP Warning:  file_put_contents(C:\Users\Lenovo\Local Sites\mywebsite\app\public/wp-content/themes/hello-elementor/acf-json/group_65eaf978484e6.json): Failed to open stream: No such file or directory in C:\Users\Lenovo\Local Sites\mywebsite\app\public\wp-content\plugins\advanced-custom-fields\includes\local-json.php on line 448
[08-Mar-2024 13:35:29 UTC] PHP Warning:  file_put_contents(C:\Users\Lenovo\Local Sites\mywebsite\app\public/wp-content/themes/hello-elementor/acf-json/group_65eaf978484e6.json): Failed to open stream: No such file or directory in C:\Users\Lenovo\Local Sites\mywebsite\app\public\wp-content\plugins\advanced-custom-fields\includes\local-json.php on line 448
[08-Mar-2024 13:37:39 UTC] PHP Warning:  file_put_contents(C:\Users\Lenovo\Local Sites\mywebsite\app\public/wp-content/themes/hello-elementor/acf-json/group_65eaf978484e6.json): Failed to open stream: No such file or directory in C:\Users\Lenovo\Local Sites\mywebsite\app\public\wp-content\plugins\advanced-custom-fields\includes\local-json.php on line 448
[08-Mar-2024 13:38:04 UTC] PHP Warning:  file_put_contents(C:\Users\Lenovo\Local Sites\mywebsite\app\public/wp-content/themes/hello-elementor/acf-json/group_65eaf978484e6.json): Failed to open stream: No such file or directory in C:\Users\Lenovo\Local Sites\mywebsite\app\public\wp-content\plugins\advanced-custom-fields\includes\local-json.php on line 448
[08-Mar-2024 14:45:46 UTC] PHP Warning:  file_put_contents(C:\Users\Lenovo\Local Sites\mywebsite\app\public/wp-content/themes/hello-elementor/acf-json/group_65eaf978484e6.json): Failed to open stream: No such file or directory in C:\Users\Lenovo\Local Sites\mywebsite\app\public\wp-content\plugins\advanced-custom-fields\includes\local-json.php on line 448
